INFO: kbplacer_plugin_action.py:70: Plugin version: 0.14
INFO: kbplacer_plugin_action.py:71: Python version: '3.11.5 (main, Jan 27 2025, 07:08:36) [MSC v.1942 64 bit (AMD64)]'
INFO: kbplacer_plugin_action.py:72: KiCad version: 9.0.2 with 4.2.2 msw (phoenix) wxWidgets 3.2.6
INFO: kbplacer_dialog.py:631: Language: en
INFO: kbplacer_plugin_action.py:80: GUI state: {"layout_path": "C:\\Users\\ZoharGalili\\Documents\\GitHub\\65HE_PCB\\keyboard-layout(65%).json", "key_distance": [19.05, 19.05], "key_info": {"annotation_format": "C{}", "position_option": "Default", "position": {"x": 0.0, "y": 0.0, "orientation": 90.0, "side": "Back"}, "template_path": ""}, "enable_diode_placement": false, "route_switches_with_diodes": false, "optimize_diodes_orientation": false, "diode_info": {"annotation_format": "C{}", "position_option": "Custom", "position": {"x": 3.0, "y": 0.0, "orientation": 90.0, "side": "Back"}, "template_path": ""}, "additional_elements": [{"annotation_format": "ST{}", "position_option": "Custom", "position": {"x": 0.0, "y": 0.0, "orientation": 0.0, "side": "Front"}, "template_path": ""}], "route_rows_and_columns": false, "template_path": "", "generate_outline": false, "outline_delta": 0.0}
DEBUG: key_placer.py:424: Set key 1U distance: 19050000/19050000
DEBUG: key_placer.py:141: Switches by nets: defaultdict(<class 'list'>, {frozenset({'GND', '+3.3VA'}): ['C69', 'C73', 'C302', 'C70', 'C68', 'C63', 'C65', 'C67', 'C71', 'C72', 'C74', 'C75', 'C66', 'C204', 'C64', 'C303', 'C508', 'C505', 'C506', 'C503', 'C501', 'C507', 'C502', 'C509', 'C504', 'C510', 'C7', 'C1', 'C3', 'C2', 'C4', 'C5', 'C6', 'C18', 'C25', 'C10', 'C12', 'C21', 'C15', 'C24', 'C8', 'C11', 'C13', 'C14', 'C17', 'C19', 'C9', 'C16', 'C20', 'C22', 'C23', 'C29', 'C39', 'C41', 'C46', 'C34', 'C42', 'C35', 'C26', 'C32', 'C38', 'C43', 'C31', 'C30', 'C36', 'C37', 'C44', 'C27', 'C28', 'C33', 'C40', 'C45', 'C47', 'C48', 'C49', 'C50', 'C51', 'C52', 'C53', 'C57', 'C59', 'C60', 'C58', 'C54', 'C55', 'C62', 'C56', 'C61'], frozenset({'GND', '+3.3V'}): ['C305', 'C202', 'C301', 'C304'], frozenset({'GND', '+5V'}): ['C201', 'C203'], frozenset({'GND', 'OSC_OUT'}): ['C401'], frozenset({'GND', '/RST'}): ['C306'], frozenset({'GND', 'OSC_IN'}): ['C402']})
DEBUG: key_placer.py:145: Diodes by switch: {}
DEBUG: board_modifier.py:73: Searching for C1 footprint in C:/Users/ZoharGalili/Documents/GitHub/65HE_PCB/65HE_PCB.kicad_pcb
INFO: key_placer.py:620: Looking for connection template between C1 and other elements
DEBUG: board_modifier.py:107: Getting C1 footprint position: (189921875, 341049375)
INFO: key_placer.py:664: Got connection template: 
INFO: kle_serial.py:931: User layout: [[{'x': 15, 'c': '#eebbcb', 'a': 7}, '', ''], [{'y': 0.25, 'x': 2, 'c': '#cccccc'}, '', '', '', '', '', '', '', '', '', '', '', '', '', {'c': '#eebbcb', 'w': 2}, '', {'c': '#cccccc'}, ''], [{'x': 2, 'w': 1.5}, '', '', '', '', '', '', '', '', '', '', '', '', '', {'w': 1.5}, '', ''], [{'c': '#bbbcde', 'w': 1.25, 'w2': 1.75, 'l': True}, '', {'x': 0.75, 'w': 1.75}, '', {'c': '#cccccc'}, '', '', '', '', '', '', '', '', '', '', '', {'w': 2.25}, '', ''], [{'x': 2, 'w': 2.25}, '', '', '', '', '', '', '', '', '', '', '', {'w': 1.75}, '', '', ''], [{'x': 2, 'c': '#fff1cf', 'w': 1.25}, '', {'w': 1.25}, '', {'w': 1.25}, '', {'w': 6.25}, '', {'w': 1.25}, '', {'w': 1.25}, '', {'x': 0.5, 'c': '#cccccc'}, '', '', ''], [{'y': 0.25, 'x': 2, 'c': '#fff1cf', 'w': 1.5}, '', '', {'w': 1.5}, '', {'w': 7}, '', {'w': 1.5}, '']]
DEBUG: key_placer.py:724: Layout offset: (28575000, 28575000)
DEBUG: kle_serial.py:990: Layout with: x_ortholinear_keys=33, y_ortholinear_keys=2, rotated_keys=0, encoders=0, iso_enters=0 and unrecognized_shape_keys=1
DEBUG: kle_serial.py:1015: Layout tagged: [<KeyboardTag.ROW_STAGGERED: 2>, <KeyboardTag.WITH_UNRECOGNIZED_KEY_SHAPE: 6>]
DEBUG: board_modifier.py:94: Setting C1 footprint position: (323850000, 38100000)
DEBUG: board_modifier.py:94: Setting C2 footprint position: (342900000, 38100000)
DEBUG: board_modifier.py:94: Setting C3 footprint position: (76200000, 61912500)
DEBUG: board_modifier.py:94: Setting C4 footprint position: (95250000, 61912500)
DEBUG: board_modifier.py:94: Setting C5 footprint position: (114300000, 61912500)
DEBUG: board_modifier.py:94: Setting C6 footprint position: (133350000, 61912500)
DEBUG: board_modifier.py:94: Setting C7 footprint position: (152400000, 61912500)
DEBUG: board_modifier.py:94: Setting C8 footprint position: (171450000, 61912500)
DEBUG: board_modifier.py:94: Setting C9 footprint position: (190500000, 61912500)
DEBUG: board_modifier.py:94: Setting C10 footprint position: (209550000, 61912500)
DEBUG: board_modifier.py:94: Setting C11 footprint position: (228600000, 61912500)
DEBUG: board_modifier.py:94: Setting C12 footprint position: (247650000, 61912500)
DEBUG: board_modifier.py:94: Setting C13 footprint position: (266700000, 61912500)
DEBUG: board_modifier.py:94: Setting C14 footprint position: (285750000, 61912500)
DEBUG: board_modifier.py:94: Setting C15 footprint position: (304800000, 61912500)
DEBUG: board_modifier.py:94: Setting C16 footprint position: (333375000, 61912500)
DEBUG: board_modifier.py:94: Setting C17 footprint position: (361950000, 61912500)
DEBUG: board_modifier.py:94: Setting C18 footprint position: (80962500, 80962500)
DEBUG: board_modifier.py:94: Setting C19 footprint position: (104775000, 80962500)
DEBUG: board_modifier.py:94: Setting C20 footprint position: (123825000, 80962500)
DEBUG: board_modifier.py:94: Setting C21 footprint position: (142875000, 80962500)
DEBUG: board_modifier.py:94: Setting C22 footprint position: (161925000, 80962500)
DEBUG: board_modifier.py:94: Setting C23 footprint position: (180975000, 80962500)
DEBUG: board_modifier.py:94: Setting C24 footprint position: (200025000, 80962500)
DEBUG: board_modifier.py:94: Setting C25 footprint position: (219075000, 80962500)
DEBUG: board_modifier.py:94: Setting C26 footprint position: (238125000, 80962500)
DEBUG: board_modifier.py:94: Setting C27 footprint position: (257175000, 80962500)
DEBUG: board_modifier.py:94: Setting C28 footprint position: (276225000, 80962500)
DEBUG: board_modifier.py:94: Setting C29 footprint position: (295275000, 80962500)
DEBUG: board_modifier.py:94: Setting C30 footprint position: (314325000, 80962500)
DEBUG: board_modifier.py:94: Setting C31 footprint position: (338137500, 80962500)
DEBUG: board_modifier.py:94: Setting C32 footprint position: (361950000, 80962500)
DEBUG: board_modifier.py:94: Setting C33 footprint position: (40481250, 100012500)
DEBUG: board_modifier.py:94: Setting C34 footprint position: (83343750, 100012500)
DEBUG: board_modifier.py:94: Setting C35 footprint position: (109537500, 100012500)
DEBUG: board_modifier.py:94: Setting C36 footprint position: (128587500, 100012500)
DEBUG: board_modifier.py:94: Setting C37 footprint position: (147637500, 100012500)
DEBUG: board_modifier.py:94: Setting C38 footprint position: (166687500, 100012500)
DEBUG: board_modifier.py:94: Setting C39 footprint position: (185737500, 100012500)
DEBUG: board_modifier.py:94: Setting C40 footprint position: (204787500, 100012500)
DEBUG: board_modifier.py:94: Setting C41 footprint position: (223837500, 100012500)
DEBUG: board_modifier.py:94: Setting C42 footprint position: (242887500, 100012500)
DEBUG: board_modifier.py:94: Setting C43 footprint position: (261937500, 100012500)
DEBUG: board_modifier.py:94: Setting C44 footprint position: (280987500, 100012500)
DEBUG: board_modifier.py:94: Setting C45 footprint position: (300037500, 100012500)
DEBUG: board_modifier.py:94: Setting C46 footprint position: (330993750, 100012500)
DEBUG: board_modifier.py:94: Setting C47 footprint position: (361950000, 100012500)
DEBUG: board_modifier.py:94: Setting C48 footprint position: (88106250, 119062500)
DEBUG: board_modifier.py:94: Setting C49 footprint position: (119062500, 119062500)
DEBUG: board_modifier.py:94: Setting C50 footprint position: (138112500, 119062500)
DEBUG: board_modifier.py:94: Setting C51 footprint position: (157162500, 119062500)
DEBUG: board_modifier.py:94: Setting C52 footprint position: (176212500, 119062500)
DEBUG: board_modifier.py:94: Setting C53 footprint position: (195262500, 119062500)
DEBUG: board_modifier.py:94: Setting C54 footprint position: (214312500, 119062500)
DEBUG: board_modifier.py:94: Setting C55 footprint position: (233362500, 119062500)
DEBUG: board_modifier.py:94: Setting C56 footprint position: (252412500, 119062500)
DEBUG: board_modifier.py:94: Setting C57 footprint position: (271462500, 119062500)
DEBUG: board_modifier.py:94: Setting C58 footprint position: (290512500, 119062500)
DEBUG: board_modifier.py:94: Setting C59 footprint position: (316706250, 119062500)
DEBUG: board_modifier.py:94: Setting C60 footprint position: (342900000, 119062500)
DEBUG: board_modifier.py:94: Setting C61 footprint position: (361950000, 119062500)
DEBUG: board_modifier.py:94: Setting C62 footprint position: (78581250, 138112500)
DEBUG: board_modifier.py:94: Setting C63 footprint position: (102393750, 138112500)
DEBUG: board_modifier.py:94: Setting C64 footprint position: (126206250, 138112500)
DEBUG: board_modifier.py:94: Setting C65 footprint position: (197643750, 138112500)
DEBUG: board_modifier.py:94: Setting C66 footprint position: (269081250, 138112500)
DEBUG: board_modifier.py:94: Setting C67 footprint position: (292893750, 138112500)
DEBUG: board_modifier.py:94: Setting C68 footprint position: (323850000, 138112500)
DEBUG: board_modifier.py:94: Setting C69 footprint position: (342900000, 138112500)
DEBUG: board_modifier.py:94: Setting C70 footprint position: (361950000, 138112500)
DEBUG: board_modifier.py:94: Setting C71 footprint position: (80962500, 161925000)
DEBUG: board_modifier.py:94: Setting C72 footprint position: (104775000, 161925000)
DEBUG: board_modifier.py:94: Setting C73 footprint position: (128587500, 161925000)
DEBUG: board_modifier.py:94: Setting C74 footprint position: (209550000, 161925000)
DEBUG: board_modifier.py:94: Setting C75 footprint position: (290512500, 161925000)
INFO: key_placer.py:1078: Diode info: [ElementInfo(annotation_format='C{}', position_option=<PositionOption.UNCHANGED: 'Unchanged'>, position=ElementPosition(x=3.0, y=0.0, orientation=90.0, side=<Side.BACK: 'Back'>), template_path='')]
DEBUG: key_placer.py:854: Placing additional elements for C69
DEBUG: board_modifier.py:107: Getting C69 footprint position: (342900000, 138112500)
DEBUG: board_modifier.py:84: Searching for optional ST69 footprint in C:/Users/ZoharGalili/Documents/GitHub/65HE_PCB/65HE_PCB.kicad_pcb
DEBUG: board_modifier.py:89: Footprint not found
DEBUG: key_placer.py:854: Placing additional elements for C73
DEBUG: board_modifier.py:107: Getting C73 footprint position: (128587500, 161925000)
DEBUG: board_modifier.py:84: Searching for optional ST73 footprint in C:/Users/ZoharGalili/Documents/GitHub/65HE_PCB/65HE_PCB.kicad_pcb
DEBUG: board_modifier.py:89: Footprint not found
DEBUG: key_placer.py:854: Placing additional elements for C302
DEBUG: board_modifier.py:107: Getting C302 footprint position: (157975000, 321959375)
DEBUG: board_modifier.py:84: Searching for optional ST302 footprint in C:/Users/ZoharGalili/Documents/GitHub/65HE_PCB/65HE_PCB.kicad_pcb
DEBUG: board_modifier.py:89: Footprint not found
DEBUG: key_placer.py:854: Placing additional elements for C70
DEBUG: board_modifier.py:107: Getting C70 footprint position: (361950000, 138112500)
DEBUG: board_modifier.py:84: Searching for optional ST70 footprint in C:/Users/ZoharGalili/Documents/GitHub/65HE_PCB/65HE_PCB.kicad_pcb
DEBUG: board_modifier.py:89: Footprint not found
DEBUG: key_placer.py:854: Placing additional elements for C305
DEBUG: board_modifier.py:107: Getting C305 footprint position: (157975000, 315939375)
DEBUG: board_modifier.py:84: Searching for optional ST305 footprint in C:/Users/ZoharGalili/Documents/GitHub/65HE_PCB/65HE_PCB.kicad_pcb
DEBUG: board_modifier.py:89: Footprint not found
DEBUG: key_placer.py:854: Placing additional elements for C68
DEBUG: board_modifier.py:107: Getting C68 footprint position: (323850000, 138112500)
DEBUG: board_modifier.py:84: Searching for optional ST68 footprint in C:/Users/ZoharGalili/Documents/GitHub/65HE_PCB/65HE_PCB.kicad_pcb
DEBUG: board_modifier.py:89: Footprint not found
DEBUG: key_placer.py:854: Placing additional elements for C63
DEBUG: board_modifier.py:107: Getting C63 footprint position: (102393750, 138112500)
DEBUG: board_modifier.py:84: Searching for optional ST63 footprint in C:/Users/ZoharGalili/Documents/GitHub/65HE_PCB/65HE_PCB.kicad_pcb
DEBUG: board_modifier.py:89: Footprint not found
DEBUG: key_placer.py:854: Placing additional elements for C65
DEBUG: board_modifier.py:107: Getting C65 footprint position: (197643750, 138112500)
DEBUG: board_modifier.py:84: Searching for optional ST65 footprint in C:/Users/ZoharGalili/Documents/GitHub/65HE_PCB/65HE_PCB.kicad_pcb
DEBUG: board_modifier.py:89: Footprint not found
DEBUG: key_placer.py:854: Placing additional elements for C67
DEBUG: board_modifier.py:107: Getting C67 footprint position: (292893750, 138112500)
DEBUG: board_modifier.py:84: Searching for optional ST67 footprint in C:/Users/ZoharGalili/Documents/GitHub/65HE_PCB/65HE_PCB.kicad_pcb
DEBUG: board_modifier.py:89: Footprint not found
DEBUG: key_placer.py:854: Placing additional elements for C71
DEBUG: board_modifier.py:107: Getting C71 footprint position: (80962500, 161925000)
DEBUG: board_modifier.py:84: Searching for optional ST71 footprint in C:/Users/ZoharGalili/Documents/GitHub/65HE_PCB/65HE_PCB.kicad_pcb
DEBUG: board_modifier.py:89: Footprint not found
DEBUG: key_placer.py:854: Placing additional elements for C72
DEBUG: board_modifier.py:107: Getting C72 footprint position: (104775000, 161925000)
DEBUG: board_modifier.py:84: Searching for optional ST72 footprint in C:/Users/ZoharGalili/Documents/GitHub/65HE_PCB/65HE_PCB.kicad_pcb
DEBUG: board_modifier.py:89: Footprint not found
DEBUG: key_placer.py:854: Placing additional elements for C74
DEBUG: board_modifier.py:107: Getting C74 footprint position: (209550000, 161925000)
DEBUG: board_modifier.py:84: Searching for optional ST74 footprint in C:/Users/ZoharGalili/Documents/GitHub/65HE_PCB/65HE_PCB.kicad_pcb
DEBUG: board_modifier.py:89: Footprint not found
DEBUG: key_placer.py:854: Placing additional elements for C75
DEBUG: board_modifier.py:107: Getting C75 footprint position: (290512500, 161925000)
DEBUG: board_modifier.py:84: Searching for optional ST75 footprint in C:/Users/ZoharGalili/Documents/GitHub/65HE_PCB/65HE_PCB.kicad_pcb
DEBUG: board_modifier.py:89: Footprint not found
DEBUG: key_placer.py:854: Placing additional elements for C66
DEBUG: board_modifier.py:107: Getting C66 footprint position: (269081250, 138112500)
DEBUG: board_modifier.py:84: Searching for optional ST66 footprint in C:/Users/ZoharGalili/Documents/GitHub/65HE_PCB/65HE_PCB.kicad_pcb
DEBUG: board_modifier.py:89: Footprint not found
DEBUG: key_placer.py:854: Placing additional elements for C202
DEBUG: board_modifier.py:107: Getting C202 footprint position: (144075000, 321449375)
DEBUG: board_modifier.py:84: Searching for optional ST202 footprint in C:/Users/ZoharGalili/Documents/GitHub/65HE_PCB/65HE_PCB.kicad_pcb
DEBUG: board_modifier.py:89: Footprint not found
DEBUG: key_placer.py:854: Placing additional elements for C204
DEBUG: board_modifier.py:107: Getting C204 footprint position: (144075000, 314749375)
DEBUG: board_modifier.py:84: Searching for optional ST204 footprint in C:/Users/ZoharGalili/Documents/GitHub/65HE_PCB/65HE_PCB.kicad_pcb
DEBUG: board_modifier.py:89: Footprint not found
DEBUG: key_placer.py:854: Placing additional elements for C301
DEBUG: board_modifier.py:107: Getting C301 footprint position: (157975000, 324969375)
DEBUG: board_modifier.py:84: Searching for optional ST301 footprint in C:/Users/ZoharGalili/Documents/GitHub/65HE_PCB/65HE_PCB.kicad_pcb
DEBUG: board_modifier.py:89: Footprint not found
DEBUG: key_placer.py:854: Placing additional elements for C64
DEBUG: board_modifier.py:107: Getting C64 footprint position: (126206250, 138112500)
DEBUG: board_modifier.py:84: Searching for optional ST64 footprint in C:/Users/ZoharGalili/Documents/GitHub/65HE_PCB/65HE_PCB.kicad_pcb
DEBUG: board_modifier.py:89: Footprint not found
DEBUG: key_placer.py:854: Placing additional elements for C201
DEBUG: board_modifier.py:107: Getting C201 footprint position: (144075000, 324799375)
DEBUG: board_modifier.py:84: Searching for optional ST201 footprint in C:/Users/ZoharGalili/Documents/GitHub/65HE_PCB/65HE_PCB.kicad_pcb
DEBUG: board_modifier.py:89: Footprint not found
DEBUG: key_placer.py:854: Placing additional elements for C203
DEBUG: board_modifier.py:107: Getting C203 footprint position: (144075000, 318099375)
DEBUG: board_modifier.py:84: Searching for optional ST203 footprint in C:/Users/ZoharGalili/Documents/GitHub/65HE_PCB/65HE_PCB.kicad_pcb
DEBUG: board_modifier.py:89: Footprint not found
DEBUG: key_placer.py:854: Placing additional elements for C303
DEBUG: board_modifier.py:107: Getting C303 footprint position: (144075000, 311399375)
DEBUG: board_modifier.py:84: Searching for optional ST303 footprint in C:/Users/ZoharGalili/Documents/GitHub/65HE_PCB/65HE_PCB.kicad_pcb
DEBUG: board_modifier.py:89: Footprint not found
DEBUG: key_placer.py:854: Placing additional elements for C304
DEBUG: board_modifier.py:107: Getting C304 footprint position: (157975000, 318949375)
DEBUG: board_modifier.py:84: Searching for optional ST304 footprint in C:/Users/ZoharGalili/Documents/GitHub/65HE_PCB/65HE_PCB.kicad_pcb
DEBUG: board_modifier.py:89: Footprint not found
DEBUG: key_placer.py:854: Placing additional elements for C401
DEBUG: board_modifier.py:107: Getting C401 footprint position: (137305000, 314919375)
DEBUG: board_modifier.py:84: Searching for optional ST401 footprint in C:/Users/ZoharGalili/Documents/GitHub/65HE_PCB/65HE_PCB.kicad_pcb
DEBUG: board_modifier.py:89: Footprint not found
DEBUG: key_placer.py:854: Placing additional elements for C508
DEBUG: board_modifier.py:107: Getting C508 footprint position: (221071875, 325999375)
DEBUG: board_modifier.py:84: Searching for optional ST508 footprint in C:/Users/ZoharGalili/Documents/GitHub/65HE_PCB/65HE_PCB.kicad_pcb
DEBUG: board_modifier.py:89: Footprint not found
DEBUG: key_placer.py:854: Placing additional elements for C505
DEBUG: board_modifier.py:107: Getting C505 footprint position: (221071875, 335029375)
DEBUG: board_modifier.py:84: Searching for optional ST505 footprint in C:/Users/ZoharGalili/Documents/GitHub/65HE_PCB/65HE_PCB.kicad_pcb
DEBUG: board_modifier.py:89: Footprint not found
DEBUG: key_placer.py:854: Placing additional elements for C506
DEBUG: board_modifier.py:107: Getting C506 footprint position: (221071875, 332019375)
DEBUG: board_modifier.py:84: Searching for optional ST506 footprint in C:/Users/ZoharGalili/Documents/GitHub/65HE_PCB/65HE_PCB.kicad_pcb
DEBUG: board_modifier.py:89: Footprint not found
DEBUG: key_placer.py:854: Placing additional elements for C306
DEBUG: board_modifier.py:107: Getting C306 footprint position: (157975000, 312929375)
DEBUG: board_modifier.py:84: Searching for optional ST306 footprint in C:/Users/ZoharGalili/Documents/GitHub/65HE_PCB/65HE_PCB.kicad_pcb
DEBUG: board_modifier.py:89: Footprint not found
DEBUG: key_placer.py:854: Placing additional elements for C503
DEBUG: board_modifier.py:107: Getting C503 footprint position: (221071875, 341049375)
DEBUG: board_modifier.py:84: Searching for optional ST503 footprint in C:/Users/ZoharGalili/Documents/GitHub/65HE_PCB/65HE_PCB.kicad_pcb
DEBUG: board_modifier.py:89: Footprint not found
DEBUG: key_placer.py:854: Placing additional elements for C501
DEBUG: board_modifier.py:107: Getting C501 footprint position: (216621875, 313959375)
DEBUG: board_modifier.py:84: Searching for optional ST501 footprint in C:/Users/ZoharGalili/Documents/GitHub/65HE_PCB/65HE_PCB.kicad_pcb
DEBUG: board_modifier.py:89: Footprint not found
DEBUG: key_placer.py:854: Placing additional elements for C507
DEBUG: board_modifier.py:107: Getting C507 footprint position: (221071875, 329009375)
DEBUG: board_modifier.py:84: Searching for optional ST507 footprint in C:/Users/ZoharGalili/Documents/GitHub/65HE_PCB/65HE_PCB.kicad_pcb
DEBUG: board_modifier.py:89: Footprint not found
DEBUG: key_placer.py:854: Placing additional elements for C502
DEBUG: board_modifier.py:107: Getting C502 footprint position: (216621875, 310949375)
DEBUG: board_modifier.py:84: Searching for optional ST502 footprint in C:/Users/ZoharGalili/Documents/GitHub/65HE_PCB/65HE_PCB.kicad_pcb
DEBUG: board_modifier.py:89: Footprint not found
DEBUG: key_placer.py:854: Placing additional elements for C509
DEBUG: board_modifier.py:107: Getting C509 footprint position: (221071875, 322989375)
DEBUG: board_modifier.py:84: Searching for optional ST509 footprint in C:/Users/ZoharGalili/Documents/GitHub/65HE_PCB/65HE_PCB.kicad_pcb
DEBUG: board_modifier.py:89: Footprint not found
DEBUG: key_placer.py:854: Placing additional elements for C402
DEBUG: board_modifier.py:107: Getting C402 footprint position: (137305000, 312409375)
DEBUG: board_modifier.py:84: Searching for optional ST402 footprint in C:/Users/ZoharGalili/Documents/GitHub/65HE_PCB/65HE_PCB.kicad_pcb
DEBUG: board_modifier.py:89: Footprint not found
DEBUG: key_placer.py:854: Placing additional elements for C504
DEBUG: board_modifier.py:107: Getting C504 footprint position: (221071875, 338039375)
DEBUG: board_modifier.py:84: Searching for optional ST504 footprint in C:/Users/ZoharGalili/Documents/GitHub/65HE_PCB/65HE_PCB.kicad_pcb
DEBUG: board_modifier.py:89: Footprint not found
DEBUG: key_placer.py:854: Placing additional elements for C510
DEBUG: board_modifier.py:107: Getting C510 footprint position: (221071875, 319979375)
DEBUG: board_modifier.py:84: Searching for optional ST510 footprint in C:/Users/ZoharGalili/Documents/GitHub/65HE_PCB/65HE_PCB.kicad_pcb
DEBUG: board_modifier.py:89: Footprint not found
DEBUG: key_placer.py:854: Placing additional elements for C7
DEBUG: board_modifier.py:107: Getting C7 footprint position: (152400000, 61912500)
DEBUG: board_modifier.py:84: Searching for optional ST7 footprint in C:/Users/ZoharGalili/Documents/GitHub/65HE_PCB/65HE_PCB.kicad_pcb
DEBUG: board_modifier.py:89: Footprint not found
DEBUG: key_placer.py:854: Placing additional elements for C1
DEBUG: board_modifier.py:107: Getting C1 footprint position: (323850000, 38100000)
DEBUG: board_modifier.py:84: Searching for optional ST1 footprint in C:/Users/ZoharGalili/Documents/GitHub/65HE_PCB/65HE_PCB.kicad_pcb
DEBUG: board_modifier.py:89: Footprint not found
DEBUG: key_placer.py:854: Placing additional elements for C3
DEBUG: board_modifier.py:107: Getting C3 footprint position: (76200000, 61912500)
DEBUG: board_modifier.py:84: Searching for optional ST3 footprint in C:/Users/ZoharGalili/Documents/GitHub/65HE_PCB/65HE_PCB.kicad_pcb
DEBUG: board_modifier.py:89: Footprint not found
DEBUG: key_placer.py:854: Placing additional elements for C2
DEBUG: board_modifier.py:107: Getting C2 footprint position: (342900000, 38100000)
DEBUG: board_modifier.py:84: Searching for optional ST2 footprint in C:/Users/ZoharGalili/Documents/GitHub/65HE_PCB/65HE_PCB.kicad_pcb
DEBUG: board_modifier.py:89: Footprint not found
DEBUG: key_placer.py:854: Placing additional elements for C4
DEBUG: board_modifier.py:107: Getting C4 footprint position: (95250000, 61912500)
DEBUG: board_modifier.py:84: Searching for optional ST4 footprint in C:/Users/ZoharGalili/Documents/GitHub/65HE_PCB/65HE_PCB.kicad_pcb
DEBUG: board_modifier.py:89: Footprint not found
DEBUG: key_placer.py:854: Placing additional elements for C5
DEBUG: board_modifier.py:107: Getting C5 footprint position: (114300000, 61912500)
DEBUG: board_modifier.py:84: Searching for optional ST5 footprint in C:/Users/ZoharGalili/Documents/GitHub/65HE_PCB/65HE_PCB.kicad_pcb
DEBUG: board_modifier.py:89: Footprint not found
DEBUG: key_placer.py:854: Placing additional elements for C6
DEBUG: board_modifier.py:107: Getting C6 footprint position: (133350000, 61912500)
DEBUG: board_modifier.py:84: Searching for optional ST6 footprint in C:/Users/ZoharGalili/Documents/GitHub/65HE_PCB/65HE_PCB.kicad_pcb
DEBUG: board_modifier.py:89: Footprint not found
DEBUG: key_placer.py:854: Placing additional elements for C18
DEBUG: board_modifier.py:107: Getting C18 footprint position: (80962500, 80962500)
DEBUG: board_modifier.py:84: Searching for optional ST18 footprint in C:/Users/ZoharGalili/Documents/GitHub/65HE_PCB/65HE_PCB.kicad_pcb
DEBUG: board_modifier.py:89: Footprint not found
DEBUG: key_placer.py:854: Placing additional elements for C25
DEBUG: board_modifier.py:107: Getting C25 footprint position: (219075000, 80962500)
DEBUG: board_modifier.py:84: Searching for optional ST25 footprint in C:/Users/ZoharGalili/Documents/GitHub/65HE_PCB/65HE_PCB.kicad_pcb
DEBUG: board_modifier.py:89: Footprint not found
DEBUG: key_placer.py:854: Placing additional elements for C10
DEBUG: board_modifier.py:107: Getting C10 footprint position: (209550000, 61912500)
DEBUG: board_modifier.py:84: Searching for optional ST10 footprint in C:/Users/ZoharGalili/Documents/GitHub/65HE_PCB/65HE_PCB.kicad_pcb
DEBUG: board_modifier.py:89: Footprint not found
DEBUG: key_placer.py:854: Placing additional elements for C12
DEBUG: board_modifier.py:107: Getting C12 footprint position: (247650000, 61912500)
DEBUG: board_modifier.py:84: Searching for optional ST12 footprint in C:/Users/ZoharGalili/Documents/GitHub/65HE_PCB/65HE_PCB.kicad_pcb
DEBUG: board_modifier.py:89: Footprint not found
DEBUG: key_placer.py:854: Placing additional elements for C21
DEBUG: board_modifier.py:107: Getting C21 footprint position: (142875000, 80962500)
DEBUG: board_modifier.py:84: Searching for optional ST21 footprint in C:/Users/ZoharGalili/Documents/GitHub/65HE_PCB/65HE_PCB.kicad_pcb
DEBUG: board_modifier.py:89: Footprint not found
DEBUG: key_placer.py:854: Placing additional elements for C15
DEBUG: board_modifier.py:107: Getting C15 footprint position: (304800000, 61912500)
DEBUG: board_modifier.py:84: Searching for optional ST15 footprint in C:/Users/ZoharGalili/Documents/GitHub/65HE_PCB/65HE_PCB.kicad_pcb
DEBUG: board_modifier.py:89: Footprint not found
DEBUG: key_placer.py:854: Placing additional elements for C24
DEBUG: board_modifier.py:107: Getting C24 footprint position: (200025000, 80962500)
DEBUG: board_modifier.py:84: Searching for optional ST24 footprint in C:/Users/ZoharGalili/Documents/GitHub/65HE_PCB/65HE_PCB.kicad_pcb
DEBUG: board_modifier.py:89: Footprint not found
DEBUG: key_placer.py:854: Placing additional elements for C8
DEBUG: board_modifier.py:107: Getting C8 footprint position: (171450000, 61912500)
DEBUG: board_modifier.py:84: Searching for optional ST8 footprint in C:/Users/ZoharGalili/Documents/GitHub/65HE_PCB/65HE_PCB.kicad_pcb
DEBUG: board_modifier.py:89: Footprint not found
DEBUG: key_placer.py:854: Placing additional elements for C11
DEBUG: board_modifier.py:107: Getting C11 footprint position: (228600000, 61912500)
DEBUG: board_modifier.py:84: Searching for optional ST11 footprint in C:/Users/ZoharGalili/Documents/GitHub/65HE_PCB/65HE_PCB.kicad_pcb
DEBUG: board_modifier.py:89: Footprint not found
DEBUG: key_placer.py:854: Placing additional elements for C13
DEBUG: board_modifier.py:107: Getting C13 footprint position: (266700000, 61912500)
DEBUG: board_modifier.py:84: Searching for optional ST13 footprint in C:/Users/ZoharGalili/Documents/GitHub/65HE_PCB/65HE_PCB.kicad_pcb
DEBUG: board_modifier.py:89: Footprint not found
DEBUG: key_placer.py:854: Placing additional elements for C14
DEBUG: board_modifier.py:107: Getting C14 footprint position: (285750000, 61912500)
DEBUG: board_modifier.py:84: Searching for optional ST14 footprint in C:/Users/ZoharGalili/Documents/GitHub/65HE_PCB/65HE_PCB.kicad_pcb
DEBUG: board_modifier.py:89: Footprint not found
DEBUG: key_placer.py:854: Placing additional elements for C17
DEBUG: board_modifier.py:107: Getting C17 footprint position: (361950000, 61912500)
DEBUG: board_modifier.py:84: Searching for optional ST17 footprint in C:/Users/ZoharGalili/Documents/GitHub/65HE_PCB/65HE_PCB.kicad_pcb
DEBUG: board_modifier.py:89: Footprint not found
DEBUG: key_placer.py:854: Placing additional elements for C19
DEBUG: board_modifier.py:107: Getting C19 footprint position: (104775000, 80962500)
DEBUG: board_modifier.py:84: Searching for optional ST19 footprint in C:/Users/ZoharGalili/Documents/GitHub/65HE_PCB/65HE_PCB.kicad_pcb
DEBUG: board_modifier.py:89: Footprint not found
DEBUG: key_placer.py:854: Placing additional elements for C9
DEBUG: board_modifier.py:107: Getting C9 footprint position: (190500000, 61912500)
DEBUG: board_modifier.py:84: Searching for optional ST9 footprint in C:/Users/ZoharGalili/Documents/GitHub/65HE_PCB/65HE_PCB.kicad_pcb
DEBUG: board_modifier.py:89: Footprint not found
DEBUG: key_placer.py:854: Placing additional elements for C16
DEBUG: board_modifier.py:107: Getting C16 footprint position: (333375000, 61912500)
DEBUG: board_modifier.py:84: Searching for optional ST16 footprint in C:/Users/ZoharGalili/Documents/GitHub/65HE_PCB/65HE_PCB.kicad_pcb
DEBUG: board_modifier.py:89: Footprint not found
DEBUG: key_placer.py:854: Placing additional elements for C20
DEBUG: board_modifier.py:107: Getting C20 footprint position: (123825000, 80962500)
DEBUG: board_modifier.py:84: Searching for optional ST20 footprint in C:/Users/ZoharGalili/Documents/GitHub/65HE_PCB/65HE_PCB.kicad_pcb
DEBUG: board_modifier.py:89: Footprint not found
DEBUG: key_placer.py:854: Placing additional elements for C22
DEBUG: board_modifier.py:107: Getting C22 footprint position: (161925000, 80962500)
DEBUG: board_modifier.py:84: Searching for optional ST22 footprint in C:/Users/ZoharGalili/Documents/GitHub/65HE_PCB/65HE_PCB.kicad_pcb
DEBUG: board_modifier.py:89: Footprint not found
DEBUG: key_placer.py:854: Placing additional elements for C23
DEBUG: board_modifier.py:107: Getting C23 footprint position: (180975000, 80962500)
DEBUG: board_modifier.py:84: Searching for optional ST23 footprint in C:/Users/ZoharGalili/Documents/GitHub/65HE_PCB/65HE_PCB.kicad_pcb
DEBUG: board_modifier.py:89: Footprint not found
DEBUG: key_placer.py:854: Placing additional elements for C29
DEBUG: board_modifier.py:107: Getting C29 footprint position: (295275000, 80962500)
DEBUG: board_modifier.py:84: Searching for optional ST29 footprint in C:/Users/ZoharGalili/Documents/GitHub/65HE_PCB/65HE_PCB.kicad_pcb
DEBUG: board_modifier.py:89: Footprint not found
DEBUG: key_placer.py:854: Placing additional elements for C39
DEBUG: board_modifier.py:107: Getting C39 footprint position: (185737500, 100012500)
DEBUG: board_modifier.py:84: Searching for optional ST39 footprint in C:/Users/ZoharGalili/Documents/GitHub/65HE_PCB/65HE_PCB.kicad_pcb
DEBUG: board_modifier.py:89: Footprint not found
DEBUG: key_placer.py:854: Placing additional elements for C41
DEBUG: board_modifier.py:107: Getting C41 footprint position: (223837500, 100012500)
DEBUG: board_modifier.py:84: Searching for optional ST41 footprint in C:/Users/ZoharGalili/Documents/GitHub/65HE_PCB/65HE_PCB.kicad_pcb
DEBUG: board_modifier.py:89: Footprint not found
DEBUG: key_placer.py:854: Placing additional elements for C46
DEBUG: board_modifier.py:107: Getting C46 footprint position: (330993750, 100012500)
DEBUG: board_modifier.py:84: Searching for optional ST46 footprint in C:/Users/ZoharGalili/Documents/GitHub/65HE_PCB/65HE_PCB.kicad_pcb
DEBUG: board_modifier.py:89: Footprint not found
DEBUG: key_placer.py:854: Placing additional elements for C34
DEBUG: board_modifier.py:107: Getting C34 footprint position: (83343750, 100012500)
DEBUG: board_modifier.py:84: Searching for optional ST34 footprint in C:/Users/ZoharGalili/Documents/GitHub/65HE_PCB/65HE_PCB.kicad_pcb
DEBUG: board_modifier.py:89: Footprint not found
DEBUG: key_placer.py:854: Placing additional elements for C42
DEBUG: board_modifier.py:107: Getting C42 footprint position: (242887500, 100012500)
DEBUG: board_modifier.py:84: Searching for optional ST42 footprint in C:/Users/ZoharGalili/Documents/GitHub/65HE_PCB/65HE_PCB.kicad_pcb
DEBUG: board_modifier.py:89: Footprint not found
DEBUG: key_placer.py:854: Placing additional elements for C35
DEBUG: board_modifier.py:107: Getting C35 footprint position: (109537500, 100012500)
DEBUG: board_modifier.py:84: Searching for optional ST35 footprint in C:/Users/ZoharGalili/Documents/GitHub/65HE_PCB/65HE_PCB.kicad_pcb
DEBUG: board_modifier.py:89: Footprint not found
DEBUG: key_placer.py:854: Placing additional elements for C26
DEBUG: board_modifier.py:107: Getting C26 footprint position: (238125000, 80962500)
DEBUG: board_modifier.py:84: Searching for optional ST26 footprint in C:/Users/ZoharGalili/Documents/GitHub/65HE_PCB/65HE_PCB.kicad_pcb
DEBUG: board_modifier.py:89: Footprint not found
DEBUG: key_placer.py:854: Placing additional elements for C32
DEBUG: board_modifier.py:107: Getting C32 footprint position: (361950000, 80962500)
DEBUG: board_modifier.py:84: Searching for optional ST32 footprint in C:/Users/ZoharGalili/Documents/GitHub/65HE_PCB/65HE_PCB.kicad_pcb
DEBUG: board_modifier.py:89: Footprint not found
DEBUG: key_placer.py:854: Placing additional elements for C38
DEBUG: board_modifier.py:107: Getting C38 footprint position: (166687500, 100012500)
DEBUG: board_modifier.py:84: Searching for optional ST38 footprint in C:/Users/ZoharGalili/Documents/GitHub/65HE_PCB/65HE_PCB.kicad_pcb
DEBUG: board_modifier.py:89: Footprint not found
DEBUG: key_placer.py:854: Placing additional elements for C43
DEBUG: board_modifier.py:107: Getting C43 footprint position: (261937500, 100012500)
DEBUG: board_modifier.py:84: Searching for optional ST43 footprint in C:/Users/ZoharGalili/Documents/GitHub/65HE_PCB/65HE_PCB.kicad_pcb
DEBUG: board_modifier.py:89: Footprint not found
DEBUG: key_placer.py:854: Placing additional elements for C31
DEBUG: board_modifier.py:107: Getting C31 footprint position: (338137500, 80962500)
DEBUG: board_modifier.py:84: Searching for optional ST31 footprint in C:/Users/ZoharGalili/Documents/GitHub/65HE_PCB/65HE_PCB.kicad_pcb
DEBUG: board_modifier.py:89: Footprint not found
DEBUG: key_placer.py:854: Placing additional elements for C30
DEBUG: board_modifier.py:107: Getting C30 footprint position: (314325000, 80962500)
DEBUG: board_modifier.py:84: Searching for optional ST30 footprint in C:/Users/ZoharGalili/Documents/GitHub/65HE_PCB/65HE_PCB.kicad_pcb
DEBUG: board_modifier.py:89: Footprint not found
DEBUG: key_placer.py:854: Placing additional elements for C36
DEBUG: board_modifier.py:107: Getting C36 footprint position: (128587500, 100012500)
DEBUG: board_modifier.py:84: Searching for optional ST36 footprint in C:/Users/ZoharGalili/Documents/GitHub/65HE_PCB/65HE_PCB.kicad_pcb
DEBUG: board_modifier.py:89: Footprint not found
DEBUG: key_placer.py:854: Placing additional elements for C37
DEBUG: board_modifier.py:107: Getting C37 footprint position: (147637500, 100012500)
DEBUG: board_modifier.py:84: Searching for optional ST37 footprint in C:/Users/ZoharGalili/Documents/GitHub/65HE_PCB/65HE_PCB.kicad_pcb
DEBUG: board_modifier.py:89: Footprint not found
DEBUG: key_placer.py:854: Placing additional elements for C44
DEBUG: board_modifier.py:107: Getting C44 footprint position: (280987500, 100012500)
DEBUG: board_modifier.py:84: Searching for optional ST44 footprint in C:/Users/ZoharGalili/Documents/GitHub/65HE_PCB/65HE_PCB.kicad_pcb
DEBUG: board_modifier.py:89: Footprint not found
DEBUG: key_placer.py:854: Placing additional elements for C27
DEBUG: board_modifier.py:107: Getting C27 footprint position: (257175000, 80962500)
DEBUG: board_modifier.py:84: Searching for optional ST27 footprint in C:/Users/ZoharGalili/Documents/GitHub/65HE_PCB/65HE_PCB.kicad_pcb
DEBUG: board_modifier.py:89: Footprint not found
DEBUG: key_placer.py:854: Placing additional elements for C28
DEBUG: board_modifier.py:107: Getting C28 footprint position: (276225000, 80962500)
DEBUG: board_modifier.py:84: Searching for optional ST28 footprint in C:/Users/ZoharGalili/Documents/GitHub/65HE_PCB/65HE_PCB.kicad_pcb
DEBUG: board_modifier.py:89: Footprint not found
DEBUG: key_placer.py:854: Placing additional elements for C33
DEBUG: board_modifier.py:107: Getting C33 footprint position: (40481250, 100012500)
DEBUG: board_modifier.py:84: Searching for optional ST33 footprint in C:/Users/ZoharGalili/Documents/GitHub/65HE_PCB/65HE_PCB.kicad_pcb
DEBUG: board_modifier.py:89: Footprint not found
DEBUG: key_placer.py:854: Placing additional elements for C40
DEBUG: board_modifier.py:107: Getting C40 footprint position: (204787500, 100012500)
DEBUG: board_modifier.py:84: Searching for optional ST40 footprint in C:/Users/ZoharGalili/Documents/GitHub/65HE_PCB/65HE_PCB.kicad_pcb
DEBUG: board_modifier.py:89: Footprint not found
DEBUG: key_placer.py:854: Placing additional elements for C45
DEBUG: board_modifier.py:107: Getting C45 footprint position: (300037500, 100012500)
DEBUG: board_modifier.py:84: Searching for optional ST45 footprint in C:/Users/ZoharGalili/Documents/GitHub/65HE_PCB/65HE_PCB.kicad_pcb
DEBUG: board_modifier.py:89: Footprint not found
DEBUG: key_placer.py:854: Placing additional elements for C47
DEBUG: board_modifier.py:107: Getting C47 footprint position: (361950000, 100012500)
DEBUG: board_modifier.py:84: Searching for optional ST47 footprint in C:/Users/ZoharGalili/Documents/GitHub/65HE_PCB/65HE_PCB.kicad_pcb
DEBUG: board_modifier.py:89: Footprint not found
DEBUG: key_placer.py:854: Placing additional elements for C48
DEBUG: board_modifier.py:107: Getting C48 footprint position: (88106250, 119062500)
DEBUG: board_modifier.py:84: Searching for optional ST48 footprint in C:/Users/ZoharGalili/Documents/GitHub/65HE_PCB/65HE_PCB.kicad_pcb
DEBUG: board_modifier.py:89: Footprint not found
DEBUG: key_placer.py:854: Placing additional elements for C49
DEBUG: board_modifier.py:107: Getting C49 footprint position: (119062500, 119062500)
DEBUG: board_modifier.py:84: Searching for optional ST49 footprint in C:/Users/ZoharGalili/Documents/GitHub/65HE_PCB/65HE_PCB.kicad_pcb
DEBUG: board_modifier.py:89: Footprint not found
DEBUG: key_placer.py:854: Placing additional elements for C50
DEBUG: board_modifier.py:107: Getting C50 footprint position: (138112500, 119062500)
DEBUG: board_modifier.py:84: Searching for optional ST50 footprint in C:/Users/ZoharGalili/Documents/GitHub/65HE_PCB/65HE_PCB.kicad_pcb
DEBUG: board_modifier.py:89: Footprint not found
DEBUG: key_placer.py:854: Placing additional elements for C51
DEBUG: board_modifier.py:107: Getting C51 footprint position: (157162500, 119062500)
DEBUG: board_modifier.py:84: Searching for optional ST51 footprint in C:/Users/ZoharGalili/Documents/GitHub/65HE_PCB/65HE_PCB.kicad_pcb
DEBUG: board_modifier.py:89: Footprint not found
DEBUG: key_placer.py:854: Placing additional elements for C52
DEBUG: board_modifier.py:107: Getting C52 footprint position: (176212500, 119062500)
DEBUG: board_modifier.py:84: Searching for optional ST52 footprint in C:/Users/ZoharGalili/Documents/GitHub/65HE_PCB/65HE_PCB.kicad_pcb
DEBUG: board_modifier.py:89: Footprint not found
DEBUG: key_placer.py:854: Placing additional elements for C53
DEBUG: board_modifier.py:107: Getting C53 footprint position: (195262500, 119062500)
DEBUG: board_modifier.py:84: Searching for optional ST53 footprint in C:/Users/ZoharGalili/Documents/GitHub/65HE_PCB/65HE_PCB.kicad_pcb
DEBUG: board_modifier.py:89: Footprint not found
DEBUG: key_placer.py:854: Placing additional elements for C57
DEBUG: board_modifier.py:107: Getting C57 footprint position: (271462500, 119062500)
DEBUG: board_modifier.py:84: Searching for optional ST57 footprint in C:/Users/ZoharGalili/Documents/GitHub/65HE_PCB/65HE_PCB.kicad_pcb
DEBUG: board_modifier.py:89: Footprint not found
DEBUG: key_placer.py:854: Placing additional elements for C59
DEBUG: board_modifier.py:107: Getting C59 footprint position: (316706250, 119062500)
DEBUG: board_modifier.py:84: Searching for optional ST59 footprint in C:/Users/ZoharGalili/Documents/GitHub/65HE_PCB/65HE_PCB.kicad_pcb
DEBUG: board_modifier.py:89: Footprint not found
DEBUG: key_placer.py:854: Placing additional elements for C60
DEBUG: board_modifier.py:107: Getting C60 footprint position: (342900000, 119062500)
DEBUG: board_modifier.py:84: Searching for optional ST60 footprint in C:/Users/ZoharGalili/Documents/GitHub/65HE_PCB/65HE_PCB.kicad_pcb
DEBUG: board_modifier.py:89: Footprint not found
DEBUG: key_placer.py:854: Placing additional elements for C58
DEBUG: board_modifier.py:107: Getting C58 footprint position: (290512500, 119062500)
DEBUG: board_modifier.py:84: Searching for optional ST58 footprint in C:/Users/ZoharGalili/Documents/GitHub/65HE_PCB/65HE_PCB.kicad_pcb
DEBUG: board_modifier.py:89: Footprint not found
DEBUG: key_placer.py:854: Placing additional elements for C54
DEBUG: board_modifier.py:107: Getting C54 footprint position: (214312500, 119062500)
DEBUG: board_modifier.py:84: Searching for optional ST54 footprint in C:/Users/ZoharGalili/Documents/GitHub/65HE_PCB/65HE_PCB.kicad_pcb
DEBUG: board_modifier.py:89: Footprint not found
DEBUG: key_placer.py:854: Placing additional elements for C55
DEBUG: board_modifier.py:107: Getting C55 footprint position: (233362500, 119062500)
DEBUG: board_modifier.py:84: Searching for optional ST55 footprint in C:/Users/ZoharGalili/Documents/GitHub/65HE_PCB/65HE_PCB.kicad_pcb
DEBUG: board_modifier.py:89: Footprint not found
DEBUG: key_placer.py:854: Placing additional elements for C62
DEBUG: board_modifier.py:107: Getting C62 footprint position: (78581250, 138112500)
DEBUG: board_modifier.py:84: Searching for optional ST62 footprint in C:/Users/ZoharGalili/Documents/GitHub/65HE_PCB/65HE_PCB.kicad_pcb
DEBUG: board_modifier.py:89: Footprint not found
DEBUG: key_placer.py:854: Placing additional elements for C56
DEBUG: board_modifier.py:107: Getting C56 footprint position: (252412500, 119062500)
DEBUG: board_modifier.py:84: Searching for optional ST56 footprint in C:/Users/ZoharGalili/Documents/GitHub/65HE_PCB/65HE_PCB.kicad_pcb
DEBUG: board_modifier.py:89: Footprint not found
DEBUG: key_placer.py:854: Placing additional elements for C61
DEBUG: board_modifier.py:107: Getting C61 footprint position: (361950000, 119062500)
DEBUG: board_modifier.py:84: Searching for optional ST61 footprint in C:/Users/ZoharGalili/Documents/GitHub/65HE_PCB/65HE_PCB.kicad_pcb
DEBUG: board_modifier.py:89: Footprint not found
